Build started 17/07/2024 16:49:42.
     1>Project "E:\LuuDuLieuSinhVien\2001215856_TrieuViKhang\Week_2\Week_2\Week_2.vcxproj" on node 2 (Build target(s)).
     1>ClCompile:
         C:\Program Files (x86)\Microsoft Visual Studio 12.0\VC\bin\CL.exe /c /ZI /nologo /W3 /WX- /Od /Oy- /D WIN32 /D _DEBUG /D _CONSOLE /D _LIB /D _UNICODE /D UNICODE /Gm /EHsc /RTC1 /MDd /GS /fp:precise /Zc:wchar_t /Zc:forScope /Fo"Debug\\" /Fd"Debug\vc120.pdb" /Gd /TP /analyze- /errorReport:prompt Bai1.cpp
         Bai1.cpp
     1>e:\luudulieusinhvien\2001215856_trieuvikhang\week_2\week_2\bai1.cpp(79): warning C4996: 'getch': The POSIX name for this item is deprecated. Instead, use the ISO C++ conformant name: _getch. See online help for details.
                 c:\program files (x86)\microsoft visual studio 12.0\vc\include\conio.h(131) : see declaration of 'getch'
     1>e:\luudulieusinhvien\2001215856_trieuvikhang\week_2\week_2\bai1.cpp(22): warning C4101: 'myArray' : unreferenced local variable
     1>e:\luudulieusinhvien\2001215856_trieuvikhang\week_2\week_2\bai1.cpp(86): warning C4996: 'scanf': This function or variable may be unsafe. Consider using scanf_s instead. To disable deprecation, use _CRT_SECURE_NO_WARNINGS. See online help for details.
                 c:\program files (x86)\microsoft visual studio 12.0\vc\include\stdio.h(283) : see declaration of 'scanf'
     1>e:\luudulieusinhvien\2001215856_trieuvikhang\week_2\week_2\bai1.cpp(108): warning C4996: 'scanf': This function or variable may be unsafe. Consider using scanf_s instead. To disable deprecation, use _CRT_SECURE_NO_WARNINGS. See online help for details.
                 c:\program files (x86)\microsoft visual studio 12.0\vc\include\stdio.h(283) : see declaration of 'scanf'
     1>e:\luudulieusinhvien\2001215856_trieuvikhang\week_2\week_2\bai1.cpp(135): warning C4996: 'scanf': This function or variable may be unsafe. Consider using scanf_s instead. To disable deprecation, use _CRT_SECURE_NO_WARNINGS. See online help for details.
                 c:\program files (x86)\microsoft visual studio 12.0\vc\include\stdio.h(283) : see declaration of 'scanf'
     1>e:\luudulieusinhvien\2001215856_trieuvikhang\week_2\week_2\bai1.cpp(137): warning C4996: 'scanf': This function or variable may be unsafe. Consider using scanf_s instead. To disable deprecation, use _CRT_SECURE_NO_WARNINGS. See online help for details.
                 c:\program files (x86)\microsoft visual studio 12.0\vc\include\stdio.h(283) : see declaration of 'scanf'
       Link:
         C:\Program Files (x86)\Microsoft Visual Studio 12.0\VC\bin\link.exe /ERRORREPORT:PROMPT /OUT:"E:\LuuDuLieuSinhVien\2001215856_TrieuViKhang\Week_2\Debug\Week_2.exe" /INCREMENTAL /NOLOGO kernel32.lib user32.lib gdi32.lib winspool.lib comdlg32.lib advapi32.lib shell32.lib ole32.lib oleaut32.lib uuid.lib odbc32.lib odbccp32.lib /MANIFEST /MANIFESTUAC:"level='asInvoker' uiAccess='false'" /manifest:embed /DEBUG /PDB:"E:\LuuDuLieuSinhVien\2001215856_TrieuViKhang\Week_2\Debug\Week_2.pdb" /SUBSYSTEM:CONSOLE /TLBID:1 /DYNAMICBASE /NXCOMPAT /IMPLIB:"E:\LuuDuLieuSinhVien\2001215856_TrieuViKhang\Week_2\Debug\Week_2.lib" /MACHINE:X86 Debug\Bai1.obj
         Week_2.vcxproj -> E:\LuuDuLieuSinhVien\2001215856_TrieuViKhang\Week_2\Debug\Week_2.exe
     1>Done Building Project "E:\LuuDuLieuSinhVien\2001215856_TrieuViKhang\Week_2\Week_2\Week_2.vcxproj" (Build target(s)).

Build succeeded.

Time Elapsed 00:00:00.60
